生成启动时间为 2017/4/10 16:15:49。
     1>项目“E:\c_c++\vs\biancheng\shangji5_string\shangji5_string\shangji5_string.vcxproj”在节点 2 上(build 个目标)。
     1>InitializeBuildStatus:
         正在创建“Debug\shangji5_string.unsuccessfulbuild”，因为已指定“AlwaysCreate”。
       ClCompile:
         所有输出均为最新。
         C:\Program Files (x86)\Microsoft Visual Studio 10.0\VC\bin\CL.exe /c /ZI /nologo /W3 /WX- /Od /Oy- /D WIN32 /D _DEBUG /D _CONSOLE /D _UNICODE /D UNICODE /Gm /EHsc /RTC1 /MDd /GS /fp:precise /Zc:wchar_t /Zc:forScope /Yu"StdAfx.h" /Fp"Debug\shangji5_string.pch" /Fo"Debug\\" /Fd"Debug\vc100.pdb" /Gd /TP /analyze- /errorReport:prompt shangji5_string.cpp
         shangji5_string.cpp
     1>e:\c_c++\vs\biancheng\shangji5_string\shangji5_string\shangji5_string.cpp(20): warning C4996: 'scanf': This function or variable may be unsafe. Consider using scanf_s instead. To disable deprecation, use _CRT_SECURE_NO_WARNINGS. See online help for details.
                 c:\program files (x86)\microsoft visual studio 10.0\vc\include\stdio.h(304) : 参见“scanf”的声明
     1>e:\c_c++\vs\biancheng\shangji5_string\shangji5_string\shangji5_string.cpp(73): warning C4996: 'scanf': This function or variable may be unsafe. Consider using scanf_s instead. To disable deprecation, use _CRT_SECURE_NO_WARNINGS. See online help for details.
                 c:\program files (x86)\microsoft visual studio 10.0\vc\include\stdio.h(304) : 参见“scanf”的声明
       ManifestResourceCompile:
         所有输出均为最新。
       Link:
         C:\Program Files (x86)\Microsoft Visual Studio 10.0\VC\bin\link.exe /ERRORREPORT:PROMPT /OUT:"E:\c_c++\vs\biancheng\shangji5_string\Debug\shangji5_string.exe" /INCREMENTAL /NOLOGO kernel32.lib user32.lib gdi32.lib winspool.lib comdlg32.lib advapi32.lib shell32.lib ole32.lib oleaut32.lib uuid.lib odbc32.lib odbccp32.lib /MANIFEST /ManifestFile:"Debug\shangji5_string.exe.intermediate.manifest" /MANIFESTUAC:"level='asInvoker' uiAccess='false'" /DEBUG /PDB:"E:\c_c++\vs\biancheng\shangji5_string\Debug\shangji5_string.pdb" /SUBSYSTEM:CONSOLE /TLBID:1 /DYNAMICBASE /NXCOMPAT /IMPLIB:"E:\c_c++\vs\biancheng\shangji5_string\Debug\shangji5_string.lib" /MACHINE:X86 Debug\shangji5_string.exe.embed.manifest.res
         Debug\shangji5_string.obj
         Debug\stdafx.obj
       Manifest:
         C:\Program Files (x86)\Microsoft SDKs\Windows\v7.0A\bin\mt.exe /nologo /verbose /out:"Debug\shangji5_string.exe.embed.manifest" /manifest Debug\shangji5_string.exe.intermediate.manifest
         所有输出均为最新。
       LinkEmbedManifest:
         所有输出均为最新。
         shangji5_string.vcxproj -> E:\c_c++\vs\biancheng\shangji5_string\Debug\shangji5_string.exe
       FinalizeBuildStatus:
         正在删除文件“Debug\shangji5_string.unsuccessfulbuild”。
         正在对“Debug\shangji5_string.lastbuildstate”执行 Touch 任务。
     1>已完成生成项目“E:\c_c++\vs\biancheng\shangji5_string\shangji5_string\shangji5_string.vcxproj”(build 个目标)的操作。

生成成功。

已用时间 00:00:00.77
